Add Component: Footprint Not Found Capacitor SMD
Add Component: Footprint Not Found Capacitor SMD
Add Component: Footprint Not Found Capacitor SMD
Add Component: Footprint Not Found Capacitor SMD
Add Component: Footprint Not Found Capacitor Tântalo Case B - 3528
Add Component: Footprint Not Found SW-SMD_SK-3293S
Add Pin To Net: Unknown Pin: Pin C1-1
Add Pin To Net: Unknown Pin: Pin C1-2
Add Pin To Net: Unknown Pin: Pin C2-1
Add Pin To Net: Unknown Pin: Pin C2-2
Add Pin To Net: Unknown Pin: Pin C3-1
Add Pin To Net: Unknown Pin: Pin C3-2
Add Pin To Net: Unknown Pin: Pin C4-1
Add Pin To Net: Unknown Pin: Pin C4-2
Add Pin To Net: Unknown Pin: Pin CTan-1
Add Pin To Net: Unknown Pin: Pin CTan-2
Add Class Member: Failed to add class member : Component C1 0.1uF
Add Class Member: Failed to add class member : Component C2 0.1uF
Add Class Member: Failed to add class member : Component C3 10uF
Add Class Member: Failed to add class member : Component C4 22uF
Add Class Member: Failed to add class member : Component CTan 10uF
Add Class Member: Failed to add class member : Component Switch SK-3293S
