Removed Pin From Net: NetName=3V3 Pin=Microcontrolador-3.3
Add Component: Footprint Not Found Capacitor SMD
Add Component: Footprint Not Found Capacitor SMD
Add Component: Footprint Not Found Capacitor SMD
Add Component: Footprint Not Found Capacitor SMD
Add Component: Footprint Not Found Capacitor Tântalo Case B - 3528
Added Component: Designator=Molex Picoblade(MOLEX_53047-0210)
Add component (AddParameter): Name = "Check_prices"; Value = "https://www.snapeda.com/parts/0530470210/Molex/view-part/?ref=eda"; VariantName = "[No Variations]"
Add component (AddParameter): Name = "MF"; Value = "Molex"; VariantName = "[No Variations]"
Add component (AddParameter): Name = "MP"; Value = "0530470210"; VariantName = "[No Variations]"
Add component (AddParameter): Name = "Package"; Value = "None"; VariantName = "[No Variations]"
Add component (AddParameter): Name = "SnapEDA_Link"; Value = "https://www.snapeda.com/parts/0530470210/Molex/view-part/?ref=snap"; VariantName = "[No Variations]"
Add component (AddParameter): Name = "Value"; Value = ""; VariantName = "[No Variations]"
Add Pin To Net: Unknown Pin: Pin C1-1
Add Pin To Net: Unknown Pin: Pin C1-2
Add Pin To Net: Unknown Pin: Pin C2-1
Add Pin To Net: Unknown Pin: Pin C2-2
Add Pin To Net: Unknown Pin: Pin C3-1
Add Pin To Net: Unknown Pin: Pin C3-2
Add Pin To Net: Unknown Pin: Pin C4-1
Add Pin To Net: Unknown Pin: Pin C4-2
Add Pin To Net: Unknown Pin: Pin CTan-1
Add Pin To Net: Unknown Pin: Pin CTan-2
Add Class Member: Failed to add class member : Component C1 0.1uF
Add Class Member: Failed to add class member : Component C2 0.1uF
Add Class Member: Failed to add class member : Component C3 10uF
Add Class Member: Failed to add class member : Component C4 22uF
Add Class Member: Failed to add class member : Component CTan 10uF
Added Member To Class: ClassName=esquematico_placa_micro Member=Component Molex Picoblade 53047-0210
